FoodLocation_App/app/build/intermediates/manifest_merge_blame_file/debug/manifest-merger-blame-debug-report.txt
1<?xml version="1.0" encoding="utf-8"?>
2<manifest xmlns:android="http://schemas.android.com/apk/res/android"
3    package="com.psteam.foodlocation"
4    android:versionCode="1"
5    android:versionName="1.0" >
6
7    <uses-sdk
8        android:minSdkVersion="27"
8-->src\main\AndroidManifest.xml
9        android:targetSdkVersion="31" />
9-->src\main\AndroidManifest.xml
10
11    <uses-permission android:name="android.permission.INTERNET" />
11-->src\main\AndroidManifest.xml:6:5-67
11-->src\main\AndroidManifest.xml:6:22-64
12    <uses-permission android:name="android.permission.ACCESS_FINE_LOCATION" />
12-->src\main\AndroidManifest.xml:7:5-9:45
12-->src\main\AndroidManifest.xml:8:9-63
13    <uses-permission android:name="android.permission.FOREGROUND_SERVICE" />
13-->src\main\AndroidManifest.xml:10:5-77
13-->src\main\AndroidManifest.xml:10:22-74
14    <uses-permission android:name="android.permission.CALL_PHONE" />
14-->src\main\AndroidManifest.xml:11:5-69
14-->src\main\AndroidManifest.xml:11:22-66
15    <uses-permission android:name="android.permission.READ_EXTERNAL_STORAGE" />
15-->src\main\AndroidManifest.xml:12:5-80
15-->src\main\AndroidManifest.xml:12:22-77
16    <uses-permission android:name="android.permission.WRITE_EXTERNAL_STORAGE" />
16-->src\main\AndroidManifest.xml:13:5-81
16-->src\main\AndroidManifest.xml:13:22-78
17
18    <!-- Include required permissions for Google Maps API to run. -->
19    <uses-permission android:name="android.permission.ACCESS_NETWORK_STATE" />
19-->[com.google.android.gms:play-services-maps:18.0.0] AndroidManifest.xml:23:5-79
19-->[com.google.android.gms:play-services-maps:18.0.0] AndroidManifest.xml:23:22-76
20
21    <uses-feature
21-->[com.google.android.gms:play-services-maps:18.0.0] AndroidManifest.xml:26:5-28:35
22        android:glEsVersion="0x00020000"
22-->[com.google.android.gms:play-services-maps:18.0.0] AndroidManifest.xml:27:9-41
23        android:required="true" />
23-->[com.google.android.gms:play-services-maps:18.0.0] AndroidManifest.xml:28:9-32
24
25    <queries>
25-->[com.google.android.gms:play-services-maps:18.0.0] AndroidManifest.xml:30:5-34:15
26
27        <!-- Needs to be explicitly declared on Android R+ -->
28        <package android:name="com.google.android.apps.maps" />
28-->[com.google.android.gms:play-services-maps:18.0.0] AndroidManifest.xml:33:9-64
28-->[com.google.android.gms:play-services-maps:18.0.0] AndroidManifest.xml:33:18-61
29    </queries>
30
31    <uses-permission android:name="android.permission.WAKE_LOCK" /> <!-- Required by older versions of Google Play services to create IID tokens -->
31-->[com.google.firebase:firebase-messaging:23.0.0] AndroidManifest.xml:23:5-68
31-->[com.google.firebase:firebase-messaging:23.0.0] AndroidManifest.xml:23:22-65
32    <uses-permission android:name="com.google.android.c2dm.permission.RECEIVE" />
32-->[com.google.firebase:firebase-messaging:23.0.0] AndroidManifest.xml:25:5-82
32-->[com.google.firebase:firebase-messaging:23.0.0] AndroidManifest.xml:25:22-79
33    <uses-permission android:name="com.google.android.finsky.permission.BIND_GET_INSTALL_REFERRER_SERVICE" />
33-->[com.google.android.gms:play-services-measurement:20.0.0] AndroidManifest.xml:26:5-110
33-->[com.google.android.gms:play-services-measurement:20.0.0] AndroidManifest.xml:26:22-107
34
35    <application
35-->src\main\AndroidManifest.xml:15:5-179:19
36        android:allowBackup="true"
36-->src\main\AndroidManifest.xml:16:9-35
37        android:appComponentFactory="androidx.core.app.CoreComponentFactory"
37-->[androidx.core:core:1.5.0] AndroidManifest.xml:24:18-86
38        android:debuggable="true"
39        android:extractNativeLibs="false"
40        android:icon="@mipmap/ic_icon_tasty"
40-->src\main\AndroidManifest.xml:17:9-45
41        android:label="@string/app_name"
41-->src\main\AndroidManifest.xml:18:9-41
42        android:roundIcon="@mipmap/ic_icon_tasty"
42-->src\main\AndroidManifest.xml:19:9-50
43        android:supportsRtl="true"
43-->src\main\AndroidManifest.xml:20:9-35
44        android:theme="@style/Theme.FoodLocation"
44-->src\main\AndroidManifest.xml:21:9-50
45        android:usesCleartextTraffic="true" >
45-->src\main\AndroidManifest.xml:22:9-44
46        <activity
46-->src\main\AndroidManifest.xml:23:9-26:57
47            android:name="com.psteam.foodlocation.activities.ReportRestaurantActivity"
47-->src\main\AndroidManifest.xml:24:13-64
48            android:exported="false"
48-->src\main\AndroidManifest.xml:25:13-37
49            android:windowSoftInputMode="adjustResize" />
49-->src\main\AndroidManifest.xml:26:13-55
50        <activity
50-->src\main\AndroidManifest.xml:27:9-29:48
51            android:name="com.psteam.foodlocation.activities.SettingActivity"
51-->src\main\AndroidManifest.xml:28:13-55
52            android:exported="true" />
52-->src\main\AndroidManifest.xml:29:13-36
53        <activity
53-->src\main\AndroidManifest.xml:30:9-44:20
54            android:name="com.psteam.foodlocation.activities.ReviewDetailsActivity"
54-->src\main\AndroidManifest.xml:31:13-61
55            android:exported="true" >
55-->src\main\AndroidManifest.xml:32:13-36
56            <intent-filter>
56-->src\main\AndroidManifest.xml:33:13-43:29
57                <action android:name="android.intent.action.VIEW" />
57-->src\main\AndroidManifest.xml:34:17-69
57-->src\main\AndroidManifest.xml:34:25-66
58
59                <category android:name="android.intent.category.DEFAULT" />
59-->src\main\AndroidManifest.xml:36:17-76
59-->src\main\AndroidManifest.xml:36:27-73
60                <category android:name="android.intent.category.BROWSABLE" />
60-->src\main\AndroidManifest.xml:37:17-78
60-->src\main\AndroidManifest.xml:37:27-75
61
62                <data
62-->src\main\AndroidManifest.xml:39:17-42:46
63                    android:host="ps.covid21tsp.space"
63-->src\main\AndroidManifest.xml:40:21-55
64                    android:pathPrefix="/ShareReview/Code"
64-->src\main\AndroidManifest.xml:41:21-59
65                    android:scheme="https" />
65-->src\main\AndroidManifest.xml:42:21-43
66            </intent-filter>
67        </activity>
68        <activity
68-->src\main\AndroidManifest.xml:45:9-47:40
69            android:name="com.psteam.foodlocation.activities.CheckInActivity"
69-->src\main\AndroidManifest.xml:46:13-55
70            android:exported="false" />
70-->src\main\AndroidManifest.xml:47:13-37
71        <activity
71-->src\main\AndroidManifest.xml:48:9-50:40
72            android:name="com.psteam.foodlocation.activities.CreateReviewActivity"
72-->src\main\AndroidManifest.xml:49:13-60
73            android:exported="false" />
73-->src\main\AndroidManifest.xml:50:13-37
74        <activity
74-->src\main\AndroidManifest.xml:51:9-53:40
75            android:name="com.psteam.foodlocation.activities.MenuReviewActivity"
75-->src\main\AndroidManifest.xml:52:13-58
76            android:exported="false" />
76-->src\main\AndroidManifest.xml:53:13-37
77        <activity
77-->src\main\AndroidManifest.xml:54:9-56:40
78            android:name="com.psteam.foodlocation.activities.ReviewNotificationActivity"
78-->src\main\AndroidManifest.xml:55:13-66
79            android:exported="false" />
79-->src\main\AndroidManifest.xml:56:13-37
80        <activity
80-->src\main\AndroidManifest.xml:57:9-60:58
81            android:name="com.psteam.foodlocation.activities.ReviewActivity"
81-->src\main\AndroidManifest.xml:58:13-54
82            android:exported="true"
82-->src\main\AndroidManifest.xml:59:13-36
83            android:windowSoftInputMode="adjustResize" />
83-->src\main\AndroidManifest.xml:60:13-55
84        <activity
84-->src\main\AndroidManifest.xml:61:9-63:40
85            android:name="com.psteam.foodlocation.activities.ReviewRestaurantActivity"
85-->src\main\AndroidManifest.xml:62:13-64
86            android:exported="false" />
86-->src\main\AndroidManifest.xml:63:13-37
87        <activity
87-->src\main\AndroidManifest.xml:64:9-72:20
88            android:name="com.psteam.foodlocation.activities.SplashActivity"
88-->src\main\AndroidManifest.xml:65:13-54
89            android:exported="true" >
89-->src\main\AndroidManifest.xml:66:13-36
90            <intent-filter>
90-->src\main\AndroidManifest.xml:67:13-71:29
91                <action android:name="android.intent.action.MAIN" />
91-->src\main\AndroidManifest.xml:68:17-69
91-->src\main\AndroidManifest.xml:68:25-66
92
93                <category android:name="android.intent.category.LAUNCHER" />
93-->src\main\AndroidManifest.xml:70:17-77
93-->src\main\AndroidManifest.xml:70:27-74
94            </intent-filter>
95        </activity>
96        <activity
96-->src\main\AndroidManifest.xml:73:9-75:40
97            android:name="com.psteam.foodlocation.activities.UserBookTableHistoryActivity"
97-->src\main\AndroidManifest.xml:74:13-68
98            android:exported="false" />
98-->src\main\AndroidManifest.xml:75:13-37
99        <activity
99-->src\main\AndroidManifest.xml:76:9-78:39
100            android:name="com.psteam.foodlocation.activities.OrderFoodActivity"
100-->src\main\AndroidManifest.xml:77:13-57
101            android:exported="true" />
101-->src\main\AndroidManifest.xml:78:13-36
102        <activity
102-->src\main\AndroidManifest.xml:79:9-81:39
103            android:name="com.psteam.foodlocation.activities.RestaurantMapActivity"
103-->src\main\AndroidManifest.xml:80:13-61
104            android:exported="true" />
104-->src\main\AndroidManifest.xml:81:13-36
105        <activity
105-->src\main\AndroidManifest.xml:82:9-84:40
106            android:name="com.psteam.foodlocation.activities.UserInfoActivity"
106-->src\main\AndroidManifest.xml:83:13-56
107            android:exported="false" />
107-->src\main\AndroidManifest.xml:84:13-37
108        <activity
108-->src\main\AndroidManifest.xml:85:9-93:20
109            android:name="com.psteam.foodlocation.activities.UserReserveTableDetailsActivity"
109-->src\main\AndroidManifest.xml:86:13-71
110            android:exported="true" >
110-->src\main\AndroidManifest.xml:87:13-36
111            <intent-filter>
111-->src\main\AndroidManifest.xml:88:13-92:29
112                <action android:name="com.psteam.location_User" />
112-->src\main\AndroidManifest.xml:89:17-67
112-->src\main\AndroidManifest.xml:89:25-64
113
114                <category android:name="android.intent.category.DEFAULT" />
114-->src\main\AndroidManifest.xml:36:17-76
114-->src\main\AndroidManifest.xml:36:27-73
115            </intent-filter>
116        </activity>
117        <activity
117-->src\main\AndroidManifest.xml:94:9-96:40
118            android:name="com.psteam.foodlocation.activities.ManagerCategoryActivity"
118-->src\main\AndroidManifest.xml:95:13-63
119            android:exported="false" />
119-->src\main\AndroidManifest.xml:96:13-37
120        <activity
120-->src\main\AndroidManifest.xml:97:9-99:39
121            android:name="com.psteam.foodlocation.activities.MapRegistrationActivity"
121-->src\main\AndroidManifest.xml:98:13-63
122            android:exported="true" />
122-->src\main\AndroidManifest.xml:99:13-36
123        <activity
123-->src\main\AndroidManifest.xml:100:9-102:40
124            android:name="com.psteam.foodlocation.activities.ReserveTableDetailsActivity"
124-->src\main\AndroidManifest.xml:101:13-67
125            android:exported="false" />
125-->src\main\AndroidManifest.xml:102:13-37
126        <activity
126-->src\main\AndroidManifest.xml:103:9-106:58
127            android:name="com.psteam.foodlocation.activities.ReserveTableActivity"
127-->src\main\AndroidManifest.xml:104:13-60
128            android:exported="false"
128-->src\main\AndroidManifest.xml:105:13-37
129            android:windowSoftInputMode="adjustResize" />
129-->src\main\AndroidManifest.xml:106:13-55
130        <activity
130-->src\main\AndroidManifest.xml:107:9-109:40
131            android:name="com.psteam.foodlocation.activities.MapActivity"
131-->src\main\AndroidManifest.xml:108:13-51
132            android:exported="false" />
132-->src\main\AndroidManifest.xml:109:13-37
133
134        <meta-data
134-->src\main\AndroidManifest.xml:111:9-113:55
135            android:name="com.google.android.geo.API_KEY"
135-->src\main\AndroidManifest.xml:112:13-58
136            android:value="@string/google_maps_key" />
136-->src\main\AndroidManifest.xml:113:13-52
137
138        <activity
138-->src\main\AndroidManifest.xml:115:9-117:40
139            android:name="com.psteam.foodlocation.activities.SearchActivity"
139-->src\main\AndroidManifest.xml:116:13-54
140            android:exported="false" />
140-->src\main\AndroidManifest.xml:117:13-37
141        <activity
141-->src\main\AndroidManifest.xml:118:9-121:55
142            android:name="com.psteam.foodlocation.activities.RestaurantRegistrationStep2Activity"
142-->src\main\AndroidManifest.xml:119:13-75
143            android:exported="true"
143-->src\main\AndroidManifest.xml:120:13-36
144            android:supportsPictureInPicture="true" />
144-->src\main\AndroidManifest.xml:121:13-52
145        <activity
145-->src\main\AndroidManifest.xml:122:9-137:20
146            android:name="com.psteam.foodlocation.activities.RestaurantDetailsActivity"
146-->src\main\AndroidManifest.xml:123:13-65
147            android:exported="true"
147-->src\main\AndroidManifest.xml:124:13-36
148            android:windowSoftInputMode="adjustResize" >
148-->src\main\AndroidManifest.xml:125:13-55
149            <intent-filter>
149-->src\main\AndroidManifest.xml:126:13-136:29
150                <action android:name="android.intent.action.VIEW" />
150-->src\main\AndroidManifest.xml:34:17-69
150-->src\main\AndroidManifest.xml:34:25-66
151
152                <category android:name="android.intent.category.DEFAULT" />
152-->src\main\AndroidManifest.xml:36:17-76
152-->src\main\AndroidManifest.xml:36:27-73
153                <category android:name="android.intent.category.BROWSABLE" />
153-->src\main\AndroidManifest.xml:37:17-78
153-->src\main\AndroidManifest.xml:37:27-75
154
155                <data
155-->src\main\AndroidManifest.xml:39:17-42:46
156                    android:host="ps.covid21tsp.space"
156-->src\main\AndroidManifest.xml:40:21-55
157                    android:pathPrefix="/Share/Code"
157-->src\main\AndroidManifest.xml:41:21-59
158                    android:scheme="https" />
158-->src\main\AndroidManifest.xml:42:21-43
159            </intent-filter>
160        </activity>
161        <activity
161-->src\main\AndroidManifest.xml:138:9-140:39
162            android:name="com.psteam.foodlocation.activities.BusinessOrNormalActivity"
162-->src\main\AndroidManifest.xml:139:13-64
163            android:exported="true" />
163-->src\main\AndroidManifest.xml:140:13-36
164        <activity
164-->src\main\AndroidManifest.xml:141:9-143:39
165            android:name="com.psteam.foodlocation.activities.BusinessActivity"
165-->src\main\AndroidManifest.xml:142:13-56
166            android:exported="true" />
166-->src\main\AndroidManifest.xml:143:13-36
167        <activity
167-->src\main\AndroidManifest.xml:144:9-147:58
168            android:name="com.psteam.foodlocation.activities.VerifyOTPActivity"
168-->src\main\AndroidManifest.xml:145:13-57
169            android:exported="true"
169-->src\main\AndroidManifest.xml:146:13-36
170            android:windowSoftInputMode="adjustResize" />
170-->src\main\AndroidManifest.xml:147:13-55
171        <activity
171-->src\main\AndroidManifest.xml:148:9-151:58
172            android:name="com.psteam.foodlocation.activities.SendOTPActivity"
172-->src\main\AndroidManifest.xml:149:13-55
173            android:exported="true"
173-->src\main\AndroidManifest.xml:150:13-36
174            android:windowSoftInputMode="adjustResize" />
174-->src\main\AndroidManifest.xml:151:13-55
175        <activity
175-->src\main\AndroidManifest.xml:152:9-155:58
176            android:name="com.psteam.foodlocation.activities.SignUpActivity"
176-->src\main\AndroidManifest.xml:153:13-54
177            android:exported="true"
177-->src\main\AndroidManifest.xml:154:13-36
178            android:windowSoftInputMode="adjustResize" />
178-->src\main\AndroidManifest.xml:155:13-55
179        <activity
179-->src\main\AndroidManifest.xml:156:9-159:58
180            android:name="com.psteam.foodlocation.activities.SignInActivity"
180-->src\main\AndroidManifest.xml:157:13-54
181            android:exported="true"
181-->src\main\AndroidManifest.xml:158:13-36
182            android:windowSoftInputMode="adjustResize" />
182-->src\main\AndroidManifest.xml:159:13-55
183        <activity
183-->src\main\AndroidManifest.xml:160:9-162:39
184            android:name="com.psteam.foodlocation.activities.MainActivity"
184-->src\main\AndroidManifest.xml:161:13-52
185            android:exported="true" />
185-->src\main\AndroidManifest.xml:162:13-36
186
187        <service
187-->src\main\AndroidManifest.xml:164:9-167:40
188            android:name="com.psteam.foodlocation.services.LocationService"
188-->src\main\AndroidManifest.xml:165:13-53
189            android:enabled="true"
189-->src\main\AndroidManifest.xml:166:13-35
190            android:exported="false" />
190-->src\main\AndroidManifest.xml:167:13-37
191        <service
191-->src\main\AndroidManifest.xml:168:9-171:40
192            android:name="com.psteam.foodlocation.services.FetchAddressIntentServices"
192-->src\main\AndroidManifest.xml:169:13-64
193            android:enabled="true"
193-->src\main\AndroidManifest.xml:170:13-35
194            android:exported="false" />
194-->src\main\AndroidManifest.xml:171:13-37
195        <service
195-->src\main\AndroidManifest.xml:172:9-178:19
196            android:name="com.psteam.foodlocation.services.ServiceFCM"
196-->src\main\AndroidManifest.xml:173:13-48
197            android:exported="false" >
197-->src\main\AndroidManifest.xml:174:13-37
198            <intent-filter>
198-->src\main\AndroidManifest.xml:175:13-177:29
199                <action android:name="com.google.firebase.MESSAGING_EVENT" />
199-->src\main\AndroidManifest.xml:176:17-78
199-->src\main\AndroidManifest.xml:176:25-75
200            </intent-filter>
201        </service>
202        <!-- Needs to be explicitly declared on P+ -->
203        <uses-library
203-->[com.google.android.gms:play-services-maps:18.0.0] AndroidManifest.xml:39:9-41:40
204            android:name="org.apache.http.legacy"
204-->[com.google.android.gms:play-services-maps:18.0.0] AndroidManifest.xml:40:13-50
205            android:required="false" />
205-->[com.google.android.gms:play-services-maps:18.0.0] AndroidManifest.xml:41:13-37
206
207        <service
207-->[com.google.firebase:firebase-firestore:24.0.0] AndroidManifest.xml:17:9-23:19
208            android:name="com.google.firebase.components.ComponentDiscoveryService"
208-->[com.google.firebase:firebase-firestore:24.0.0] AndroidManifest.xml:18:13-84
209            android:directBootAware="true"
209-->[com.google.firebase:firebase-common:20.0.0] AndroidManifest.xml:35:13-43
210            android:exported="false" >
210-->[com.google.firebase:firebase-firestore:24.0.0] AndroidManifest.xml:19:13-37
211            <meta-data
211-->[com.google.firebase:firebase-firestore:24.0.0] AndroidManifest.xml:20:13-22:85
212                android:name="com.google.firebase.components:com.google.firebase.firestore.FirestoreRegistrar"
212-->[com.google.firebase:firebase-firestore:24.0.0] AndroidManifest.xml:21:17-111
213                android:value="com.google.firebase.components.ComponentRegistrar" />
213-->[com.google.firebase:firebase-firestore:24.0.0] AndroidManifest.xml:22:17-82
214            <meta-data
214-->[com.google.firebase:firebase-messaging:23.0.0] AndroidManifest.xml:52:13-54:85
215                android:name="com.google.firebase.components:com.google.firebase.messaging.FirebaseMessagingRegistrar"
215-->[com.google.firebase:firebase-messaging:23.0.0] AndroidManifest.xml:53:17-119
216                android:value="com.google.firebase.components.ComponentRegistrar" />
216-->[com.google.firebase:firebase-messaging:23.0.0] AndroidManifest.xml:54:17-82
217            <meta-data
217-->[com.google.firebase:firebase-auth:21.0.1] AndroidManifest.xml:77:13-79:85
218                android:name="com.google.firebase.components:com.google.firebase.auth.FirebaseAuthRegistrar"
218-->[com.google.firebase:firebase-auth:21.0.1] AndroidManifest.xml:78:17-109
219                android:value="com.google.firebase.components.ComponentRegistrar" />
219-->[com.google.firebase:firebase-auth:21.0.1] AndroidManifest.xml:79:17-82
220            <meta-data
220-->[com.google.firebase:firebase-datatransport:18.0.0] AndroidManifest.xml:28:13-30:85
221                android:name="com.google.firebase.components:com.google.firebase.datatransport.TransportRegistrar"
221-->[com.google.firebase:firebase-datatransport:18.0.0] AndroidManifest.xml:29:17-115
222                android:value="com.google.firebase.components.ComponentRegistrar" />
222-->[com.google.firebase:firebase-datatransport:18.0.0] AndroidManifest.xml:30:17-82
223            <meta-data
223-->[com.google.android.gms:play-services-measurement-api:20.0.0] AndroidManifest.xml:30:13-32:85
224                android:name="com.google.firebase.components:com.google.firebase.analytics.connector.internal.AnalyticsConnectorRegistrar"
224-->[com.google.android.gms:play-services-measurement-api:20.0.0] AndroidManifest.xml:31:17-139
225                android:value="com.google.firebase.components.ComponentRegistrar" />
225-->[com.google.android.gms:play-services-measurement-api:20.0.0] AndroidManifest.xml:32:17-82
226            <meta-data
226-->[com.google.firebase:firebase-installations:17.0.0] AndroidManifest.xml:18:13-20:85
227                android:name="com.google.firebase.components:com.google.firebase.installations.FirebaseInstallationsRegistrar"
227-->[com.google.firebase:firebase-installations:17.0.0] AndroidManifest.xml:19:17-127
228                android:value="com.google.firebase.components.ComponentRegistrar" />
228-->[com.google.firebase:firebase-installations:17.0.0] AndroidManifest.xml:20:17-82
229        </service>
230
231        <meta-data
231-->[com.google.maps.android:android-maps-utils:2.2.3] AndroidManifest.xml:12:9-14:69
232            android:name="com.google.android.gms.version"
232-->[com.google.maps.android:android-maps-utils:2.2.3] AndroidManifest.xml:13:13-58
233            android:value="@integer/google_play_services_version" />
233-->[com.google.maps.android:android-maps-utils:2.2.3] AndroidManifest.xml:14:13-66
234
235        <receiver
235-->[com.google.firebase:firebase-messaging:23.0.0] AndroidManifest.xml:28:9-35:20
236            android:name="com.google.firebase.iid.FirebaseInstanceIdReceiver"
236-->[com.google.firebase:firebase-messaging:23.0.0] AndroidManifest.xml:29:13-78
237            android:exported="true"
237-->[com.google.firebase:firebase-messaging:23.0.0] AndroidManifest.xml:30:13-36
238            android:permission="com.google.android.c2dm.permission.SEND" >
238-->[com.google.firebase:firebase-messaging:23.0.0] AndroidManifest.xml:31:13-73
239            <intent-filter>
239-->[com.google.firebase:firebase-messaging:23.0.0] AndroidManifest.xml:32:13-34:29
240                <action android:name="com.google.android.c2dm.intent.RECEIVE" />
240-->[com.google.firebase:firebase-messaging:23.0.0] AndroidManifest.xml:33:17-81
240-->[com.google.firebase:firebase-messaging:23.0.0] AndroidManifest.xml:33:25-78
241            </intent-filter>
242        </receiver>
243        <!--
244             FirebaseMessagingService performs security checks at runtime,
245             but set to not exported to explicitly avoid allowing another app to call it.
246        -->
247        <service
247-->[com.google.firebase:firebase-messaging:23.0.0] AndroidManifest.xml:41:9-48:19
248            android:name="com.google.firebase.messaging.FirebaseMessagingService"
248-->[com.google.firebase:firebase-messaging:23.0.0] AndroidManifest.xml:42:13-82
249            android:directBootAware="true"
249-->[com.google.firebase:firebase-messaging:23.0.0] AndroidManifest.xml:43:13-43
250            android:exported="false" >
250-->[com.google.firebase:firebase-messaging:23.0.0] AndroidManifest.xml:44:13-37
251            <intent-filter android:priority="-500" >
251-->src\main\AndroidManifest.xml:175:13-177:29
252                <action android:name="com.google.firebase.MESSAGING_EVENT" />
252-->src\main\AndroidManifest.xml:176:17-78
252-->src\main\AndroidManifest.xml:176:25-75
253            </intent-filter>
254        </service>
255
256        <provider
256-->[com.squareup.picasso:picasso:2.71828] AndroidManifest.xml:8:9-11:40
257            android:name="com.squareup.picasso.PicassoProvider"
257-->[com.squareup.picasso:picasso:2.71828] AndroidManifest.xml:9:13-64
258            android:authorities="com.psteam.foodlocation.com.squareup.picasso"
258-->[com.squareup.picasso:picasso:2.71828] AndroidManifest.xml:10:13-72
259            android:exported="false" />
259-->[com.squareup.picasso:picasso:2.71828] AndroidManifest.xml:11:13-37
260
261        <activity
261-->[com.google.firebase:firebase-auth:21.0.1] AndroidManifest.xml:27:9-44:20
262            android:name="com.google.firebase.auth.internal.GenericIdpActivity"
262-->[com.google.firebase:firebase-auth:21.0.1] AndroidManifest.xml:28:13-80
263            android:excludeFromRecents="true"
263-->[com.google.firebase:firebase-auth:21.0.1] AndroidManifest.xml:29:13-46
264            android:exported="true"
264-->[com.google.firebase:firebase-auth:21.0.1] AndroidManifest.xml:30:13-36
265            android:launchMode="singleTask"
265-->[com.google.firebase:firebase-auth:21.0.1] AndroidManifest.xml:31:13-44
266            android:theme="@android:style/Theme.Translucent.NoTitleBar" >
266-->[com.google.firebase:firebase-auth:21.0.1] AndroidManifest.xml:32:13-72
267            <intent-filter>
267-->[com.google.firebase:firebase-auth:21.0.1] AndroidManifest.xml:33:13-43:29
268                <action android:name="android.intent.action.VIEW" />
268-->src\main\AndroidManifest.xml:34:17-69
268-->src\main\AndroidManifest.xml:34:25-66
269
270                <category android:name="android.intent.category.DEFAULT" />
270-->src\main\AndroidManifest.xml:36:17-76
270-->src\main\AndroidManifest.xml:36:27-73
271                <category android:name="android.intent.category.BROWSABLE" />
271-->src\main\AndroidManifest.xml:37:17-78
271-->src\main\AndroidManifest.xml:37:27-75
272
273                <data
273-->src\main\AndroidManifest.xml:39:17-42:46
274                    android:host="firebase.auth"
274-->src\main\AndroidManifest.xml:40:21-55
275                    android:path="/"
276                    android:scheme="genericidp" />
276-->src\main\AndroidManifest.xml:42:21-43
277            </intent-filter>
278        </activity>
279        <activity
279-->[com.google.firebase:firebase-auth:21.0.1] AndroidManifest.xml:45:9-62:20
280            android:name="com.google.firebase.auth.internal.RecaptchaActivity"
280-->[com.google.firebase:firebase-auth:21.0.1] AndroidManifest.xml:46:13-79
281            android:excludeFromRecents="true"
281-->[com.google.firebase:firebase-auth:21.0.1] AndroidManifest.xml:47:13-46
282            android:exported="true"
282-->[com.google.firebase:firebase-auth:21.0.1] AndroidManifest.xml:48:13-36
283            android:launchMode="singleTask"
283-->[com.google.firebase:firebase-auth:21.0.1] AndroidManifest.xml:49:13-44
284            android:theme="@android:style/Theme.Translucent.NoTitleBar" >
284-->[com.google.firebase:firebase-auth:21.0.1] AndroidManifest.xml:50:13-72
285            <intent-filter>
285-->[com.google.firebase:firebase-auth:21.0.1] AndroidManifest.xml:51:13-61:29
286                <action android:name="android.intent.action.VIEW" />
286-->src\main\AndroidManifest.xml:34:17-69
286-->src\main\AndroidManifest.xml:34:25-66
287
288                <category android:name="android.intent.category.DEFAULT" />
288-->src\main\AndroidManifest.xml:36:17-76
288-->src\main\AndroidManifest.xml:36:27-73
289                <category android:name="android.intent.category.BROWSABLE" />
289-->src\main\AndroidManifest.xml:37:17-78
289-->src\main\AndroidManifest.xml:37:27-75
290
291                <data
291-->src\main\AndroidManifest.xml:39:17-42:46
292                    android:host="firebase.auth"
292-->src\main\AndroidManifest.xml:40:21-55
293                    android:path="/"
294                    android:scheme="recaptcha" />
294-->src\main\AndroidManifest.xml:42:21-43
295            </intent-filter>
296        </activity>
297
298        <service
298-->[com.google.firebase:firebase-auth:21.0.1] AndroidManifest.xml:64:9-73:19
299            android:name="com.google.firebase.auth.api.fallback.service.FirebaseAuthFallbackService"
299-->[com.google.firebase:firebase-auth:21.0.1] AndroidManifest.xml:65:13-101
300            android:enabled="true"
300-->[com.google.firebase:firebase-auth:21.0.1] AndroidManifest.xml:66:13-35
301            android:exported="false" >
301-->[com.google.firebase:firebase-auth:21.0.1] AndroidManifest.xml:67:13-37
302            <intent-filter>
302-->[com.google.firebase:firebase-auth:21.0.1] AndroidManifest.xml:68:13-72:29
303                <action android:name="com.google.firebase.auth.api.gms.service.START" />
303-->[com.google.firebase:firebase-auth:21.0.1] AndroidManifest.xml:69:17-89
303-->[com.google.firebase:firebase-auth:21.0.1] AndroidManifest.xml:69:25-86
304
305                <category android:name="android.intent.category.DEFAULT" />
305-->src\main\AndroidManifest.xml:36:17-76
305-->src\main\AndroidManifest.xml:36:27-73
306            </intent-filter>
307        </service>
308
309        <activity
309-->[com.google.android.gms:play-services-auth:17.0.0] AndroidManifest.xml:23:9-27:75
310            android:name="com.google.android.gms.auth.api.signin.internal.SignInHubActivity"